 ************************************************************************
 **                                                                    **
 **                                                                    **
 **                     Altair OptiStruct(TM) 2023                     **
 **                                                                    **
 **             Advanced Engineering Analysis, Design and              **
 **        Optimization Software from Altair Engineering, Inc.         **
 **                                                                    **
 **   OptiStruct includes an enhanced proprietary version of NASTRAN   **
 **                                                                    **
 **                                                                    **
 **             Windows 10  (Build 9200)  DESKTOP-DDRGMF7              **
 **           16 CPU:  AMD Ryzen 7 1700 Eight-Core Processor           **
 **                    18984 MB RAM,  37565 MB swap                    **
 **                                                                    **
 ** Build: 1180295uwn33230_Ce64RB6s8UH14M:219807-000  4600400400000000 **
 ************************************************************************
 **  COPYRIGHT (C) 1996-2023                 Altair Engineering, Inc.  **
 ** All Rights Reserved.  Copyright notice does not imply publication. **
 **         Contains trade secrets of Altair Engineering, Inc.         **
 ** Decompilation or disassembly of this software strictly prohibited. **
 ************************************************************************
 
  
 *** OptiStruct defaults set from:
   install config file: C:/PROGRA~1/Altair/2023/hwsolvers/optistruct.cfg.
  
  
 NOTE # 9199
 MSGLMT=STRICT is active, all messages will be printed unless there is
 a subsequent MSGLMT definition to limit error or warning messages.
 You can also suppress some less important warning messages by use of
  MSGLMT=BRIEF or UNREF (in config file or in the input data).
  
 
 *** See next message about line 167596 from file:
     traditional_stresscriteria_final.fem
  "PCOMPP         1                            TSAI"
  
 *** WARNING # 1055
 SB blank or zero on PCOMP data, respective failure calculations
 will be skipped.
  
 
 *** See next message about line 167599 from file:
     traditional_stresscriteria_final.fem
  "PCOMPP         2                            STRN"
  
 *** WARNING # 1055
 SB blank or zero on PCOMP data, respective failure calculations
 will be skipped.
  
 *** WARNING 1932: PCOMP(G)(P)  ID    2 is not referenced.
 *** WARNING 1932:      MAT  ID    3 is not referenced.
  
 *** INFORMATION # 2388
 MATF 1 is referenced by shell properties. Failure criterion TSAI3D
 will be converted to TSAI.
  
 *** INFORMATION # 2388
 MATF 1 is referenced by shell properties. Failure criterion STRN3D
 will be converted to STRN.
  
 *** WARNING 1963: The thermal expansion coefficient of material   2 is zero.
 *** WARNING 1963: The thermal expansion coefficient of material   3 is zero.
  
 *** INFORMATION # 4805
 NDIV options on CSTRESS/CSTRAIN/CFAILURE cards are different. 
 The largest NDIV is considered only.
 
 *** SUMMARY of temperature usage in all subcases: 
 ======================================================================= 
       Subcase   | Initial Temp. |  Temp. for MATT  | Thermal loading  | 
 ----------------|---------------|------------------|------------------| 
        1 STATICS|  TEMPD       3|        No        |     TEMPD       4| 
 ======================================================================= 
  

************************************************************************

OPTIMIZATION FILE AND PARAMETER INFORMATION :
---------------------------------------------

  FEM model file               : traditional_stresscriteria_final.fem
  Output files prefix          : traditional_stresscriteria_final
  Model read from files:
 (*1)	    traditional_stresscriteria_final.fem

************************************************************************

 

************************************************************************

FINITE ELEMENT MODEL DATA INFORMATION :
---------------------------------------

  Total # of Grids (Structural)        :     70777
  Total # of Elements                  :     71064
  Total # of Local Coordinate Systems  :         1
  Total # of Degrees of Freedom        :    424626
  (Structural)
  Total # of Non-zero Stiffness Terms  :  11666199

 
  Element Type Information
  ------------------------

   CQUAD4   Elements   :    70476     
   CTRIA3   Elements   :      588     

  Load and Boundary Information
  -----------------------------

   LOAD and TEMP Sets:         3
   SPC   Sets        :         1

  Material and Property Information
  ---------------------------------

   PCOMP(G)(P) Cards :         2
   PSHELL Cards      :         1
   MAT1   Cards      :         1
   MAT8   Cards      :         1
   MAT9ORT Cards     :         1
   MATF   Cards      :         1

************************************************************************

 

************************************************************************

OPTIMIZATION PROBLEM PARAMETERS :
---------------------------------

 NO DESIGN MATERIAL OR DESIGN VARIABLES FOUND  : ANALYSIS ONLY

   ------------------------
   Static Subcase Summary :
   ------------------------

   ----------   --------  -------  --------------------- 
   Subcase ID    SPC ID   LOAD ID  Preloading Subcase ID
   ----------   --------  -------  --------------------- 
        1            1          2
   ----------   --------  -------  --------------------- 

   Run Type                        :   Analysis Only (No design elements)
   Run at location                 : C:/Users/mtnuss/Documents/Research_Files/Hyperworks/Tank/3_layers_optimization/1.5fos/thermal_props_included/traditional/
   Scratch file directory          : C:/Users/mtnuss/Documents/Research_Files/Hyperworks/Tank/3_layers_optimization/1.5fos/thermal_props_included/traditional/
                                     Free space:   124.158 GB
   Number of CPU processors        :          1


************************************************************************

 

************************************************************************

MEMORY ESTIMATION INFORMATION :
-------------------------------

 Solver Type is:  Sparse-Matrix Solver
                  Direct Method
 
 Static Memory (RAM) Allocated in Preprocessor           :    1714 MB
 MUMPS Solver will Run In-Core with Estimated Memory     :    2004 MB
 Estimated Total Memory (RAM)                            :    3718 MB
 
 Estimated Memory (RAM) for Out-of-Core Solution         :    2461 MB
 Estimated Memory (RAM) for In-Core Solution             :    3718 MB
 (Note: The Minimum Memory Requirement is limited by Stress Module.)         
 
DISK SPACE ESTIMATION INFORMATION :
-----------------------------------

 Estimated Disk Space for Output Data Files              :     167 MB
 Estimated Scratch Disk Space for In-Core Solution       :     288 MB
 Estimated Scratch Disk Space for Out-of-Core Solution   :    1410 MB

************************************************************************


BEGINNING ANALYSIS SOLUTION ....


************************************************************************

ANALYSIS RESULTS :
------------------

  
ITERATION   0
  
 (Scratch disk space usage for starting iteration = 288 MB)
(Running in-core solution)

Volume                              =  2.94544E-02   Mass     =  1.51844E+02
-----------------------------------
Subcase    Compliance       Epsilon
-----------------------------------
      1  9.122463E+02
-----------------------------------
 

Note : Epsilon = Residual Strain Energy Ratio.
       (not available for nonlinear analysis or subcase with
        thermal load, SUBMODEL or linear gap / fast contact)


************************************************************************
  
 ANALYSIS COMPLETED.
  

************************************************************************

RESOURCE USAGE INFORMATION
--------------------------

 MAXIMUM MEMORY USED                                      3718 MB
   INCLUDING MEMORY FOR MUMPS                             2004 MB
   IN ADDITION    321 MB MEMORY WAS ALLOCATED FOR TEMPORARY USE
 MAXIMUM DISK SPACE USED                                  1198 MB
   INCLUDING DISK SPACE FOR MUMPS                            0 MB

************************************************************************


************************************************************************

COMPUTE TIME INFORMATION
------------------------

 EXECUTION STARTED                         Thu May 16 20:55:30 2024    
 EXECUTION COMPLETED                       Thu May 16 20:56:32 2024    
 ELAPSED TIME                                         00:01:02
 CPU TIME                                             00:01:02

************************************************************************

  
                        ***** END OF REPORT *****
  
 For OptiStruct Community Forum, go to the URL:
 http://www.altair.com/optistruct-community
 For Altair Community Knowledge Base, go to the URL:
 http://www.altair.com/knowledge
